2020-05-06 08:41:47,835 INFO notifyConnectTimeout:200

2020-05-06 08:41:47,840 INFO notifySocketTimeout:8000

2020-05-06 08:41:47,841 INFO isHealthCheck:true

2020-05-06 08:41:47,841 INFO maxHealthCheckFailCount:12

2020-05-06 08:41:47,841 INFO maxContent:10485760

2020-05-06 08:41:52,586 INFO Schema 'NACOS' already exists.

2020-05-06 08:41:52,755 INFO Table/View 'CONFIG_INFO' already exists in Schema 'NACOS'.

2020-05-06 08:41:52,917 INFO Table/View 'HIS_CONFIG_INFO' already exists in Schema 'NACOS'.

2020-05-06 08:41:53,016 INFO Table/View 'CONFIG_INFO_BETA' already exists in Schema 'NACOS'.

2020-05-06 08:41:53,094 INFO Table/View 'CONFIG_INFO_TAG' already exists in Schema 'NACOS'.

2020-05-06 08:41:53,204 INFO Table/View 'CONFIG_INFO_AGGR' already exists in Schema 'NACOS'.

2020-05-06 08:41:53,303 INFO Table/View 'APP_LIST' already exists in Schema 'NACOS'.

2020-05-06 08:41:53,382 INFO Table/View 'APP_CONFIGDATA_RELATION_SUBS' already exists in Schema 'NACOS'.

2020-05-06 08:41:53,460 INFO Table/View 'APP_CONFIGDATA_RELATION_PUBS' already exists in Schema 'NACOS'.

2020-05-06 08:41:53,576 INFO Table/View 'CONFIG_TAGS_RELATION' already exists in Schema 'NACOS'.

2020-05-06 08:41:53,669 INFO Table/View 'GROUP_CAPACITY' already exists in Schema 'NACOS'.

2020-05-06 08:41:53,748 INFO Table/View 'TENANT_CAPACITY' already exists in Schema 'NACOS'.

2020-05-06 08:41:53,826 INFO Table/View 'TENANT_INFO' already exists in Schema 'NACOS'.

2020-05-06 08:41:53,902 INFO Table/View 'USERS' already exists in Schema 'NACOS'.

2020-05-06 08:41:54,002 INFO Table/View 'ROLES' already exists in Schema 'NACOS'.

2020-05-06 08:41:54,117 INFO The statement was aborted because it would have caused a duplicate key value in a unique or primary key constraint or unique index identified by 'SQL200504093837630' defined on 'USERS'.

2020-05-06 08:41:55,302 INFO ServerListService address-server port:8848

2020-05-06 08:41:55,303 INFO ADDRESS_SERVER_URL:http://jmenv.tbsite.net:8080/nacos/serverlist

2020-05-06 08:41:55,310 WARN [serverlist] updated to [192.168.56.1]

2020-05-06 08:41:55,516 WARN DumpService start

2020-05-06 08:41:55,522 INFO start clear all config-info.

2020-05-06 08:41:55,529 WARN clear all config-info failed.

2020-05-06 08:41:55,534 WARN clear all config-info-tenant failed.

2020-05-06 08:41:55,904 INFO [all-dump] 2 / 2

2020-05-06 08:41:55,905 INFO start clear all config-info-beta.

2020-05-06 08:41:55,905 WARN clear all config-info-beta failed.

2020-05-06 08:41:55,905 WARN clear all config-info-beta-tenant failed.

2020-05-06 08:41:55,922 INFO start clear all config-info-tag.

2020-05-06 08:41:55,923 WARN clear all config-info-tag failed.

2020-05-06 08:41:55,924 WARN clear all config-info-tag-tenant failed.

